<?xml version="1.0" encoding="UTF-8"?>
<testsuite xmlns:xsi="http://www.w3.org/2001/XMLSchema-instance" xsi:noNamespaceSchemaLocation="https://maven.apache.org/surefire/maven-surefire-plugin/xsd/surefire-test-report.xsd" name="com.dubbo.customer.dubbocustomer.DubbocustomerApplicationTests" time="1.453" tests="1" errors="0" skipped="0" failures="0">
  <properties>
    <property name="sun.desktop" value="windows"/>
    <property name="awt.toolkit" value="sun.awt.windows.WToolkit"/>
    <property name="file.encoding.pkg" value="sun.io"/>
    <property name="java.specification.version" value="1.8"/>
    <property name="sun.cpu.isalist" value="amd64"/>
    <property name="sun.jnu.encoding" value="GBK"/>
    <property name="java.class.path" value="C:\Users\Administrator\IdeaProjects\dubbocustomer\target\test-classes;C:\Users\Administrator\IdeaProjects\dubbocustomer\target\classes;C:\localRepository\org\springframework\boot\spring-boot-starter\2.1.0.RELEASE\spring-boot-starter-2.1.0.RELEASE.jar;C:\localRepository\org\springframework\boot\spring-boot\2.1.0.RELEASE\spring-boot-2.1.0.RELEASE.jar;C:\localRepository\org\springframework\boot\spring-boot-autoconfigure\2.1.0.RELEASE\spring-boot-autoconfigure-2.1.0.RELEASE.jar;C:\localRepository\org\springframework\boot\spring-boot-starter-logging\2.1.0.RELEASE\spring-boot-starter-logging-2.1.0.RELEASE.jar;C:\localRepository\ch\qos\logback\logback-classic\1.2.3\logback-classic-1.2.3.jar;C:\localRepository\ch\qos\logback\logback-core\1.2.3\logback-core-1.2.3.jar;C:\localRepository\org\apache\logging\log4j\log4j-to-slf4j\2.11.1\log4j-to-slf4j-2.11.1.jar;C:\localRepository\org\apache\logging\log4j\log4j-api\2.11.1\log4j-api-2.11.1.jar;C:\localRepository\org\slf4j\jul-to-slf4j\1.7.25\jul-to-slf4j-1.7.25.jar;C:\localRepository\javax\annotation\javax.annotation-api\1.3.2\javax.annotation-api-1.3.2.jar;C:\localRepository\org\springframework\spring-core\5.1.2.RELEASE\spring-core-5.1.2.RELEASE.jar;C:\localRepository\org\springframework\spring-jcl\5.1.2.RELEASE\spring-jcl-5.1.2.RELEASE.jar;C:\localRepository\org\yaml\snakeyaml\1.23\snakeyaml-1.23.jar;C:\localRepository\com\alibaba\dubbo\2.5.5\dubbo-2.5.5.jar;C:\localRepository\org\springframework\spring-context\5.1.2.RELEASE\spring-context-5.1.2.RELEASE.jar;C:\localRepository\org\springframework\spring-aop\5.1.2.RELEASE\spring-aop-5.1.2.RELEASE.jar;C:\localRepository\org\springframework\spring-expression\5.1.2.RELEASE\spring-expression-5.1.2.RELEASE.jar;C:\localRepository\org\springframework\spring-beans\5.1.2.RELEASE\spring-beans-5.1.2.RELEASE.jar;C:\localRepository\org\springframework\spring-web\5.1.2.RELEASE\spring-web-5.1.2.RELEASE.jar;C:\localRepository\org\javassist\javassist\3.20.0-GA\javassist-3.20.0-GA.jar;C:\localRepository\org\jboss\netty\netty\3.2.5.Final\netty-3.2.5.Final.jar;C:\localRepository\org\apache\zookeeper\zookeeper\3.4.9\zookeeper-3.4.9.jar;C:\localRepository\org\slf4j\slf4j-api\1.7.25\slf4j-api-1.7.25.jar;C:\localRepository\org\slf4j\slf4j-log4j12\1.7.25\slf4j-log4j12-1.7.25.jar;C:\localRepository\log4j\log4j\1.2.16\log4j-1.2.16.jar;C:\localRepository\jline\jline\0.9.94\jline-0.9.94.jar;C:\localRepository\io\netty\netty\3.10.5.Final\netty-3.10.5.Final.jar;C:\localRepository\org\springframework\boot\spring-boot-starter-test\2.1.0.RELEASE\spring-boot-starter-test-2.1.0.RELEASE.jar;C:\localRepository\org\springframework\boot\spring-boot-test\2.1.0.RELEASE\spring-boot-test-2.1.0.RELEASE.jar;C:\localRepository\org\springframework\boot\spring-boot-test-autoconfigure\2.1.0.RELEASE\spring-boot-test-autoconfigure-2.1.0.RELEASE.jar;C:\localRepository\com\jayway\jsonpath\json-path\2.4.0\json-path-2.4.0.jar;C:\localRepository\net\minidev\json-smart\2.3\json-smart-2.3.jar;C:\localRepository\net\minidev\accessors-smart\1.2\accessors-smart-1.2.jar;C:\localRepository\org\ow2\asm\asm\5.0.4\asm-5.0.4.jar;C:\localRepository\junit\junit\4.12\junit-4.12.jar;C:\localRepository\org\assertj\assertj-core\3.11.1\assertj-core-3.11.1.jar;C:\localRepository\org\mockito\mockito-core\2.23.0\mockito-core-2.23.0.jar;C:\localRepository\net\bytebuddy\byte-buddy\1.9.3\byte-buddy-1.9.3.jar;C:\localRepository\net\bytebuddy\byte-buddy-agent\1.9.3\byte-buddy-agent-1.9.3.jar;C:\localRepository\org\objenesis\objenesis\2.6\objenesis-2.6.jar;C:\localRepository\org\hamcrest\hamcrest-core\1.3\hamcrest-core-1.3.jar;C:\localRepository\org\hamcrest\hamcrest-library\1.3\hamcrest-library-1.3.jar;C:\localRepository\org\skyscreamer\jsonassert\1.5.0\jsonassert-1.5.0.jar;C:\localRepository\com\vaadin\external\google\android-json\0.0.20131108.vaadin1\android-json-0.0.20131108.vaadin1.jar;C:\localRepository\org\springframework\spring-test\5.1.2.RELEASE\spring-test-5.1.2.RELEASE.jar;C:\localRepository\org\xmlunit\xmlunit-core\2.6.2\xmlunit-core-2.6.2.jar;"/>
    <property name="java.vm.vendor" value="Oracle Corporation"/>
    <property name="sun.arch.data.model" value="64"/>
    <property name="user.variant" value=""/>
    <property name="java.vendor.url" value="http://java.oracle.com/"/>
    <property name="user.timezone" value="Asia/Shanghai"/>
    <property name="java.vm.specification.version" value="1.8"/>
    <property name="os.name" value="Windows 7"/>
    <property name="user.country" value="CN"/>
    <property name="sun.java.launcher" value="SUN_STANDARD"/>
    <property name="sun.boot.library.path" value="C:\Program Files\Java\jdk1.8.0_131\jre\bin"/>
    <property name="sun.java.command" value="C:\Users\ADMINI~1\AppData\Local\Temp\surefire3167479160622571666\surefirebooter5092576857339063394.jar C:\Users\Administrator\AppData\Local\Temp\surefire3167479160622571666 2018-11-29T16-48-46_138-jvmRun1 surefire9086038644403899461tmp surefire_03050515085988723865tmp"/>
    <property name="surefire.test.class.path" value="C:\Users\Administrator\IdeaProjects\dubbocustomer\target\test-classes;C:\Users\Administrator\IdeaProjects\dubbocustomer\target\classes;C:\localRepository\org\springframework\boot\spring-boot-starter\2.1.0.RELEASE\spring-boot-starter-2.1.0.RELEASE.jar;C:\localRepository\org\springframework\boot\spring-boot\2.1.0.RELEASE\spring-boot-2.1.0.RELEASE.jar;C:\localRepository\org\springframework\boot\spring-boot-autoconfigure\2.1.0.RELEASE\spring-boot-autoconfigure-2.1.0.RELEASE.jar;C:\localRepository\org\springframework\boot\spring-boot-starter-logging\2.1.0.RELEASE\spring-boot-starter-logging-2.1.0.RELEASE.jar;C:\localRepository\ch\qos\logback\logback-classic\1.2.3\logback-classic-1.2.3.jar;C:\localRepository\ch\qos\logback\logback-core\1.2.3\logback-core-1.2.3.jar;C:\localRepository\org\apache\logging\log4j\log4j-to-slf4j\2.11.1\log4j-to-slf4j-2.11.1.jar;C:\localRepository\org\apache\logging\log4j\log4j-api\2.11.1\log4j-api-2.11.1.jar;C:\localRepository\org\slf4j\jul-to-slf4j\1.7.25\jul-to-slf4j-1.7.25.jar;C:\localRepository\javax\annotation\javax.annotation-api\1.3.2\javax.annotation-api-1.3.2.jar;C:\localRepository\org\springframework\spring-core\5.1.2.RELEASE\spring-core-5.1.2.RELEASE.jar;C:\localRepository\org\springframework\spring-jcl\5.1.2.RELEASE\spring-jcl-5.1.2.RELEASE.jar;C:\localRepository\org\yaml\snakeyaml\1.23\snakeyaml-1.23.jar;C:\localRepository\com\alibaba\dubbo\2.5.5\dubbo-2.5.5.jar;C:\localRepository\org\springframework\spring-context\5.1.2.RELEASE\spring-context-5.1.2.RELEASE.jar;C:\localRepository\org\springframework\spring-aop\5.1.2.RELEASE\spring-aop-5.1.2.RELEASE.jar;C:\localRepository\org\springframework\spring-expression\5.1.2.RELEASE\spring-expression-5.1.2.RELEASE.jar;C:\localRepository\org\springframework\spring-beans\5.1.2.RELEASE\spring-beans-5.1.2.RELEASE.jar;C:\localRepository\org\springframework\spring-web\5.1.2.RELEASE\spring-web-5.1.2.RELEASE.jar;C:\localRepository\org\javassist\javassist\3.20.0-GA\javassist-3.20.0-GA.jar;C:\localRepository\org\jboss\netty\netty\3.2.5.Final\netty-3.2.5.Final.jar;C:\localRepository\org\apache\zookeeper\zookeeper\3.4.9\zookeeper-3.4.9.jar;C:\localRepository\org\slf4j\slf4j-api\1.7.25\slf4j-api-1.7.25.jar;C:\localRepository\org\slf4j\slf4j-log4j12\1.7.25\slf4j-log4j12-1.7.25.jar;C:\localRepository\log4j\log4j\1.2.16\log4j-1.2.16.jar;C:\localRepository\jline\jline\0.9.94\jline-0.9.94.jar;C:\localRepository\io\netty\netty\3.10.5.Final\netty-3.10.5.Final.jar;C:\localRepository\org\springframework\boot\spring-boot-starter-test\2.1.0.RELEASE\spring-boot-starter-test-2.1.0.RELEASE.jar;C:\localRepository\org\springframework\boot\spring-boot-test\2.1.0.RELEASE\spring-boot-test-2.1.0.RELEASE.jar;C:\localRepository\org\springframework\boot\spring-boot-test-autoconfigure\2.1.0.RELEASE\spring-boot-test-autoconfigure-2.1.0.RELEASE.jar;C:\localRepository\com\jayway\jsonpath\json-path\2.4.0\json-path-2.4.0.jar;C:\localRepository\net\minidev\json-smart\2.3\json-smart-2.3.jar;C:\localRepository\net\minidev\accessors-smart\1.2\accessors-smart-1.2.jar;C:\localRepository\org\ow2\asm\asm\5.0.4\asm-5.0.4.jar;C:\localRepository\junit\junit\4.12\junit-4.12.jar;C:\localRepository\org\assertj\assertj-core\3.11.1\assertj-core-3.11.1.jar;C:\localRepository\org\mockito\mockito-core\2.23.0\mockito-core-2.23.0.jar;C:\localRepository\net\bytebuddy\byte-buddy\1.9.3\byte-buddy-1.9.3.jar;C:\localRepository\net\bytebuddy\byte-buddy-agent\1.9.3\byte-buddy-agent-1.9.3.jar;C:\localRepository\org\objenesis\objenesis\2.6\objenesis-2.6.jar;C:\localRepository\org\hamcrest\hamcrest-core\1.3\hamcrest-core-1.3.jar;C:\localRepository\org\hamcrest\hamcrest-library\1.3\hamcrest-library-1.3.jar;C:\localRepository\org\skyscreamer\jsonassert\1.5.0\jsonassert-1.5.0.jar;C:\localRepository\com\vaadin\external\google\android-json\0.0.20131108.vaadin1\android-json-0.0.20131108.vaadin1.jar;C:\localRepository\org\springframework\spring-test\5.1.2.RELEASE\spring-test-5.1.2.RELEASE.jar;C:\localRepository\org\xmlunit\xmlunit-core\2.6.2\xmlunit-core-2.6.2.jar;"/>
    <property name="sun.cpu.endian" value="little"/>
    <property name="user.home" value="C:\Users\Administrator"/>
    <property name="user.language" value="zh"/>
    <property name="java.specification.vendor" value="Oracle Corporation"/>
    <property name="java.home" value="C:\Program Files\Java\jdk1.8.0_131\jre"/>
    <property name="basedir" value="C:\Users\Administrator\IdeaProjects\dubbocustomer"/>
    <property name="file.separator" value="\"/>
    <property name="line.separator" value="&#10;"/>
    <property name="java.vm.specification.vendor" value="Oracle Corporation"/>
    <property name="java.specification.name" value="Java Platform API Specification"/>
    <property name="java.awt.graphicsenv" value="sun.awt.Win32GraphicsEnvironment"/>
    <property name="surefire.real.class.path" value="C:\Users\ADMINI~1\AppData\Local\Temp\surefire3167479160622571666\surefirebooter5092576857339063394.jar"/>
    <property name="sun.boot.class.path" value="C:\Program Files\Java\jdk1.8.0_131\jre\lib\resources.jar;C:\Program Files\Java\jdk1.8.0_131\jre\lib\rt.jar;C:\Program Files\Java\jdk1.8.0_131\jre\lib\sunrsasign.jar;C:\Program Files\Java\jdk1.8.0_131\jre\lib\jsse.jar;C:\Program Files\Java\jdk1.8.0_131\jre\lib\jce.jar;C:\Program Files\Java\jdk1.8.0_131\jre\lib\charsets.jar;C:\Program Files\Java\jdk1.8.0_131\jre\lib\jfr.jar;C:\Program Files\Java\jdk1.8.0_131\jre\classes"/>
    <property name="user.script" value=""/>
    <property name="sun.management.compiler" value="HotSpot 64-Bit Tiered Compilers"/>
    <property name="java.runtime.version" value="1.8.0_131-b11"/>
    <property name="user.name" value="Administrator"/>
    <property name="path.separator" value=";"/>
    <property name="os.version" value="6.1"/>
    <property name="java.endorsed.dirs" value="C:\Program Files\Java\jdk1.8.0_131\jre\lib\endorsed"/>
    <property name="java.runtime.name" value="Java(TM) SE Runtime Environment"/>
    <property name="file.encoding" value="GBK"/>
    <property name="java.vm.name" value="Java HotSpot(TM) 64-Bit Server VM"/>
    <property name="localRepository" value="C:\localRepository"/>
    <property name="java.vendor.url.bug" value="http://bugreport.sun.com/bugreport/"/>
    <property name="java.io.tmpdir" value="C:\Users\ADMINI~1\AppData\Local\Temp\"/>
    <property name="idea.version" value="2018.2.5"/>
    <property name="java.version" value="1.8.0_131"/>
    <property name="user.dir" value="C:\Users\Administrator\IdeaProjects\dubbocustomer"/>
    <property name="os.arch" value="amd64"/>
    <property name="java.vm.specification.name" value="Java Virtual Machine Specification"/>
    <property name="java.awt.printerjob" value="sun.awt.windows.WPrinterJob"/>
    <property name="sun.os.patch.level" value="Service Pack 1"/>
    <property name="java.library.path" value="C:\Program Files\Java\jdk1.8.0_131\jre\bin;C:\windows\Sun\Java\bin;C:\windows\system32;C:\windows;C:\ProgramData\Oracle\Java\javapath;C:\windows\system32;C:\windows;C:\windows\System32\Wbem;C:\windows\System32\WindowsPowerShell\v1.0\;C:\Program Files\Git\cmd;C:\Program Files\VisualSVN Server\bin;C:\Program Files\TortoiseSVN\bin;C:\Users\Administrator\AppData\Local\Programs\Python\Python37-32;D:\Fiddler;C:\Program Files\Docker Toolbox;C:\Users\Administrator\AppData\Local\GitHubDesktop\bin;."/>
    <property name="java.vm.info" value="mixed mode"/>
    <property name="java.vendor" value="Oracle Corporation"/>
    <property name="java.vm.version" value="25.131-b11"/>
    <property name="java.ext.dirs" value="C:\Program Files\Java\jdk1.8.0_131\jre\lib\ext;C:\windows\Sun\Java\lib\ext"/>
    <property name="sun.io.unicode.encoding" value="UnicodeLittle"/>
    <property name="java.class.version" value="52.0"/>
  </properties>
  <testcase name="contextLoads" classname="com.dubbo.customer.dubbocustomer.DubbocustomerApplicationTests" time="0.165"/>
</testsuite>